<?xml version="1.0" encoding="UTF-8"?>
<!-- Generated by org.testng.reporters.JUnitXMLReporter -->
<testsuite ignored="0" hostname="LAPTOP-SK17QQB5" failures="1" tests="1" name="Test" time="7.931" errors="0" timestamp="2023-01-17T20:44:17 IST">
  <testcase classname="TesPackage.LoginTest" name="loginTests" time="0.007">
    <failure type="java.lang.AssertionError" message="expected [true] but found [false]">
      <![CDATA[java.lang.AssertionError: expected [true] but found [false]
at TesPackage.LoginTest.loginTests(LoginTest.java:13)
at java.base/java.util.ArrayList.forEach(ArrayList.java:1511)
... Removed 31 stack frames]]>
    </failure>
  </testcase> <!-- loginTests -->
</testsuite> <!-- Test -->
