<?xml version="1.0" encoding="UTF-8"?>
<!-- Generated by org.testng.reporters.JUnitXMLReporter -->
<testsuite ignored="0" hostname="LAPTOP-SK17QQB5" failures="2" tests="4" name="Login Test" time="24.43" errors="0" timestamp="2023-01-18T13:52:08 IST">
  <testcase classname="TesPackage.LoginTest" name="loginTests" time="1.029">
    <failure type="java.lang.AssertionError" message="Number Elements does not matched expected [true] but found [false]">
      <![CDATA[java.lang.AssertionError: Number Elements does not matched expected [true] but found [false]
at PageEvents.LoginPageEvents.verifyLoginPage(LoginPageEvents.java:16)
at TesPackage.LoginTest.loginTests(LoginTest.java:21)
at java.base/java.util.ArrayList.forEach(ArrayList.java:1511)
... Removed 30 stack frames]]>
    </failure>
  </testcase> <!-- loginTests -->
  <testcase classname="TesPackage.LoginTest" name="retryTest" time="1.369">
    <skipped/>
  </testcase> <!-- retryTest -->
  <testcase classname="TesPackage.LoginTest" name="retryTest" time="0.935">
    <skipped/>
  </testcase> <!-- retryTest -->
  <testcase classname="TesPackage.LoginTest" name="retryTest" time="0.988">
    <failure type="java.lang.AssertionError" message="Number Elements does not matched expected [true] but found [false]">
      <![CDATA[java.lang.AssertionError: Number Elements does not matched expected [true] but found [false]
at PageEvents.LoginPageEvents.verifyLoginPage(LoginPageEvents.java:16)
at TesPackage.LoginTest.retryTest(LoginTest.java:34)
at java.base/java.util.ArrayList.forEach(ArrayList.java:1511)
... Removed 30 stack frames]]>
    </failure>
  </testcase> <!-- retryTest -->
</testsuite> <!-- Login Test -->
